[debug] [2022-08-30T17:56:47.320Z] ----------------------------------------------------------------------
[debug] [2022-08-30T17:56:47.325Z] Command:       /usr/local/bin/firebase /Users/stavrones/.cache/firebase/tools/lib/node_modules/firebase-tools/lib/bin/firebase deploy
[debug] [2022-08-30T17:56:47.326Z] CLI Version:   9.10.2
[debug] [2022-08-30T17:56:47.327Z] Platform:      darwin
[debug] [2022-08-30T17:56:47.328Z] Node Version:  v12.18.1
[debug] [2022-08-30T17:56:47.330Z] Time:          Tue Aug 30 2022 13:56:47 GMT-0400 (Eastern Daylight Time)
[debug] [2022-08-30T17:56:47.330Z] ----------------------------------------------------------------------
[debug] 
[debug] [2022-08-30T17:56:47.343Z] > command requires scopes: ["email","openid","https://www.googleapis.com/auth/cloudplatformprojects.readonly","https://www.googleapis.com/auth/firebase","https://www.googleapis.com/auth/cloud-platform"]
[debug] [2022-08-30T17:56:47.344Z] > authorizing via signed-in user (stav.rones@gmail.com)
[debug] [2022-08-30T17:56:47.344Z] [iam] checking project portfolio-f05d5 for permissions ["firebase.projects.get","firebasehosting.sites.update"]
[debug] [2022-08-30T17:56:47.347Z] >>> HTTP REQUEST POST https://cloudresourcemanager.googleapis.com/v1/projects/portfolio-f05d5:testIamPermissions  
 {"permissions":["firebase.projects.get","firebasehosting.sites.update"]}
[debug] [2022-08-30T17:56:47.600Z] <<< HTTP RESPONSE 200 {"content-type":"application/json; charset=UTF-8","vary":"X-Origin, Referer, Origin,Accept-Encoding","date":"Tue, 30 Aug 2022 17:56:47 GMT","server":"ESF","cache-control":"private","x-xss-protection":"0","x-frame-options":"SAMEORIGIN","x-content-type-options":"nosniff","server-timing":"gfet4t7; dur=141","alt-svc":"h3=\":443\"; ma=2592000,h3-29=\":443\"; ma=2592000,h3-Q050=\":443\"; ma=2592000,h3-Q046=\":443\"; ma=2592000,h3-Q043=\":443\"; ma=2592000,quic=\":443\"; ma=2592000; v=\"46,43\"","accept-ranges":"none","transfer-encoding":"chunked"}
[debug] [2022-08-30T17:56:47.602Z] > refreshing access token with scopes: []
[debug] [2022-08-30T17:56:47.602Z] >>> HTTP REQUEST POST https://www.googleapis.com/oauth2/v3/token  
 <request body omitted>
[debug] [2022-08-30T17:56:47.729Z] <<< HTTP RESPONSE 200 {"expires":"Mon, 01 Jan 1990 00:00:00 GMT","date":"Tue, 30 Aug 2022 17:56:47 GMT","cache-control":"no-cache, no-store, max-age=0, must-revalidate","pragma":"no-cache","content-type":"application/json; charset=utf-8","vary":"X-Origin, Referer, Origin,Accept-Encoding","server":"scaffolding on HTTPServer2","x-xss-protection":"0","x-frame-options":"SAMEORIGIN","x-content-type-options":"nosniff","alt-svc":"h3=\":443\"; ma=2592000,h3-29=\":443\"; ma=2592000,h3-Q050=\":443\"; ma=2592000,h3-Q046=\":443\"; ma=2592000,h3-Q043=\":443\"; ma=2592000,quic=\":443\"; ma=2592000; v=\"46,43\"","accept-ranges":"none","transfer-encoding":"chunked"}
[debug] [2022-08-30T17:56:47.805Z] >>> [apiv2][query] GET https://firebase.googleapis.com/v1beta1/projects/portfolio-f05d5 [none]
[debug] [2022-08-30T17:56:48.172Z] <<< [apiv2][status] GET https://firebase.googleapis.com/v1beta1/projects/portfolio-f05d5 200
[debug] [2022-08-30T17:56:48.173Z] <<< [apiv2][body] GET https://firebase.googleapis.com/v1beta1/projects/portfolio-f05d5 {"projectId":"portfolio-f05d5","projectNumber":"554165993064","displayName":"Portfolio","name":"projects/portfolio-f05d5","resources":{"hostingSite":"portfolio-f05d5"},"state":"ACTIVE","etag":"1_368d4151-a52c-4dfd-ac84-668d583ae44a"}
[info] 
[info] === Deploying to 'portfolio-f05d5'...
[info] 
[info] i  deploying hosting 
[debug] [2022-08-30T17:56:48.178Z] > refreshing access token with scopes: ["email","https://www.googleapis.com/auth/cloud-platform","https://www.googleapis.com/auth/cloudplatformprojects.readonly","https://www.googleapis.com/auth/firebase","openid"]
[debug] [2022-08-30T17:56:48.179Z] >>> HTTP REQUEST POST https://www.googleapis.com/oauth2/v3/token  
 <request body omitted>
[debug] [2022-08-30T17:56:48.296Z] <<< HTTP RESPONSE 200 {"date":"Tue, 30 Aug 2022 17:56:48 GMT","pragma":"no-cache","expires":"Mon, 01 Jan 1990 00:00:00 GMT","cache-control":"no-cache, no-store, max-age=0, must-revalidate","content-type":"application/json; charset=utf-8","vary":"X-Origin, Referer, Origin,Accept-Encoding","server":"scaffolding on HTTPServer2","x-xss-protection":"0","x-frame-options":"SAMEORIGIN","x-content-type-options":"nosniff","alt-svc":"h3=\":443\"; ma=2592000,h3-29=\":443\"; ma=2592000,h3-Q050=\":443\"; ma=2592000,h3-Q046=\":443\"; ma=2592000,h3-Q043=\":443\"; ma=2592000,quic=\":443\"; ma=2592000; v=\"46,43\"","accept-ranges":"none","transfer-encoding":"chunked"}
[debug] [2022-08-30T17:56:48.325Z] >>> HTTP REQUEST POST https://firebasehosting.googleapis.com/v1beta1/sites/portfolio-f05d5/versions  
 {"config":{"rewrites":[{"glob":"**","path":"/index.html"}]},"labels":{"deployment-tool":"cli-firebase"}}
[debug] [2022-08-30T17:56:48.913Z] <<< HTTP RESPONSE 200 {"content-type":"application/json; charset=UTF-8","vary":"X-Origin, Referer, Origin,Accept-Encoding","date":"Tue, 30 Aug 2022 17:56:48 GMT","server":"ESF","cache-control":"private","x-xss-protection":"0","x-frame-options":"SAMEORIGIN","x-content-type-options":"nosniff","alt-svc":"h3=\":443\"; ma=2592000,h3-29=\":443\"; ma=2592000,h3-Q050=\":443\"; ma=2592000,h3-Q046=\":443\"; ma=2592000,h3-Q043=\":443\"; ma=2592000,quic=\":443\"; ma=2592000; v=\"46,43\"","accept-ranges":"none","transfer-encoding":"chunked"}
[info] i  hosting[portfolio-f05d5]: beginning deploy... 
[info] i  hosting[portfolio-f05d5]: found 17 files in build 
[debug] [2022-08-30T17:56:49.026Z] > refreshing access token with scopes: []
[debug] [2022-08-30T17:56:49.026Z] >>> HTTP REQUEST POST https://www.googleapis.com/oauth2/v3/token  
 <request body omitted>
[debug] [2022-08-30T17:56:49.029Z] [hosting] hash cache [YnVpbGQ] stored for 17 files
[debug] [2022-08-30T17:56:49.029Z] [hosting][hash queue][FINAL] {"max":96,"min":9,"avg":15.882352941176471,"active":0,"complete":17,"success":17,"errored":0,"retried":0,"total":17,"elapsed":105}
[debug] [2022-08-30T17:56:49.151Z] <<< HTTP RESPONSE 200 {"date":"Tue, 30 Aug 2022 17:56:49 GMT","cache-control":"no-cache, no-store, max-age=0, must-revalidate","pragma":"no-cache","expires":"Mon, 01 Jan 1990 00:00:00 GMT","content-type":"application/json; charset=utf-8","vary":"X-Origin, Referer, Origin,Accept-Encoding","server":"scaffolding on HTTPServer2","x-xss-protection":"0","x-frame-options":"SAMEORIGIN","x-content-type-options":"nosniff","alt-svc":"h3=\":443\"; ma=2592000,h3-29=\":443\"; ma=2592000,h3-Q050=\":443\"; ma=2592000,h3-Q046=\":443\"; ma=2592000,h3-Q043=\":443\"; ma=2592000,quic=\":443\"; ma=2592000; v=\"46,43\"","accept-ranges":"none","transfer-encoding":"chunked"}
[debug] [2022-08-30T17:56:49.202Z] >>> [apiv2][query] POST https://firebasehosting.googleapis.com/v1beta1/sites/portfolio-f05d5/versions/ae8b2c320589b4c7:populateFiles [none]
[debug] [2022-08-30T17:56:49.203Z] >>> [apiv2][body] POST https://firebasehosting.googleapis.com/v1beta1/sites/portfolio-f05d5/versions/ae8b2c320589b4c7:populateFiles {"files":{"/asset-manifest.json":"6d321468822f7202d5221f1847d7406deb51987972473190afe1fc93b67afb86","/favicon.ico":"b72f7455f00e4e58792d2bca892abb068e2213838c0316d6b7a0d6d16acd1955","/index.html":"921bcadc381b8539d605153118882613b31247a0b491fc78715141d9ba35d175","/logo.svg":"5f6ecf30024a00eebae8bb333ddc0f1c3d19fd8e7e6838404547f41abb63a8e8","/logo192.png":"caff018b7f1e8fd481eb1c50d75b0ef236bcd5078b1d15c8bb348453fee30293","/manifest.json":"341d52628782f8ac9290bbfc43298afccb47b7cbfcee146ae30cf0f46bc30900","/robots.txt":"391d14b3c2f8c9143a27a28c7399585142228d4d1bdbe2c87ac946de411fa9a2","/static/css/main.a71310cb.css":"a794a4761415fa16a21adf352efa073d4ee2855d3fe20a970b97efbb7fe6d018","/static/js/787.3ab47f80.chunk.js":"1bfdb716fbdb3a5b855d9aef9a2fb1035426343efcadb2433b4a7f271457be2b","/static/css/main.a71310cb.css.map":"9cdf9bbdc7508546ec2f09a5bc2158bb716b6daaddf2644af1e29a9bd387946d","/static/js/main.df59de5f.js.LICENSE.txt":"2e0317bf47c29fb7d0485a53b66ae8cb58c98d0cbaf239efac64dd310dfdabda","/logo512.png":"191fc21360b4ccfb1cda11a1efb97f489ed22672ca83f4064316802bbfdd750e","/static/js/787.3ab47f80.chunk.js.map":"d379a90bf31848d184bcedc10504cb5baca5de832bc02636edf29ca347534b0d","/static/media/profile.4bce7c9d7e1c6ac5936b.jpeg":"cf546996e95af4a5e4a462adb7e3bf11247a0354b963a9914f2728336eba9021","/static/media/resume.19da562b1966ff5ce0cb.jpg":"2c4163b78dde7bba21a5f449b410a631f8243154fc20dcc9567d43de36f97e1c","/static/js/main.df59de5f.js":"6dd538565f5101128f7c5ee52a4fc401e76bf4d68893bba31ce9a47c0d4fc646","/static/js/main.df59de5f.js.map":"2e5fed44b6b19ac44028e213cc1a61fd3c538a9b83ae918a8d25f07308e006a2"}}
